{
  "RSpec": {
    "coverage": {
      "/home/anthony/prog/ImageHex/config/environment.rb": [
        null,
        1,
        null,
        null,
        1
      ],
      "/home/anthony/prog/ImageHex/config/application.rb": [
        1,
        null,
        1,
        null,
        null,
        null,
        1,
        null,
        1,
        1,
        null,
        null,
        null,
        null,
        null,
        null,
        null,
        null,
        null,
        null,
        null,
        null,
        null
      ],
      "/home/anthony/prog/ImageHex/config/boot.rb": [
        null,
        1,
        null,
        1
      ],
      "/home/anthony/prog/ImageHex/config/environments/test.rb": [
        1,
        null,
        null,
        null,
        null,
        null,
        null,
        1,
        null,
        null,
        null,
        null,
        1,
        null,
        null,
        1,
        1,
        null,
        null,
        1,
        1,
        null,
        null,
        1,
        null,
        null,
        1,
        null,
        null,
        null,
        null,
        1,
        null,
        null,
        1,
        null,
        null,
        null,
        null
      ],
      "/home/anthony/prog/ImageHex/config/initializers/backtrace_silencers.rb": [
        null,
        null,
        null,
        null,
        null,
        null,
        null
      ],
      "/home/anthony/prog/ImageHex/config/initializers/cookies_serializer.rb": [
        null,
        null,
        1
      ],
      "/home/anthony/prog/ImageHex/config/initializers/devise.rb": [
        null,
        null,
        1,
        null,
        null,
        null,
        null,
        null,
        null,
        null,
        null,
        null,
        1,
        null,
        null,
        null,
        null,
        null,
        null,
        null,
        null,
        1,
        null,
        null,
        null,
        null,
        null,
        null,
        null,
        null,
        null,
        null,
        null,
        null,
        null,
        null,
        null,
        null,
        null,
        null,
        null,
        null,
        null,
        1,
        null,
        null,
        null,
        null,
        1,
        null,
        null,
        null,
        null,
        null,
        null,
        null,
        null,
        null,
        null,
        null,
        null,
        null,
        null,
        null,
        null,
        null,
        null,
        null,
        null,
        null,
        null,
        null,
        null,
        null,
        null,
        null,
        null,
        null,
        null,
        1,
        null,
        null,
        null,
        null,
        null,
        null,
        null,
        null,
        null,
        null,
        null,
        null,
        null,
        null,
        null,
        null,
        1,
        null,
        null,
        null,
        null,
        null,
        null,
        null,
        null,
        null,
        null,
        null,
        null,
        null,
        null,
        null,
        null,
        null,
        null,
        null,
        null,
        null,
        null,
        null,
        null,
        1,
        null,
        null,
        null,
        null,
        null,
        null,
        null,
        null,
        null,
        1,
        null,
        null,
        null,
        null,
        null,
        null,
        null,
        null,
        null,
        null,
        1,
        null,
        null,
        null,
        null,
        null,
        null,
        null,
        null,
        null,
        null,
        null,
        null,
        null,
        null,
        null,
        null,
        null,
        null,
        null,
        null,
        null,
        null,
        null,
        null,
        null,
        null,
        null,
        null,
        null,
        null,
        null,
        null,
        null,
        null,
        null,
        null,
        null,
        null,
        null,
        null,
        null,
        null,
        null,
        null,
        null,
        null,
        null,
        null,
        1,
        null,
        null,
        null,
        null,
        null,
        null,
        null,
        null,
        null,
        null,
        null,
        null,
        null,
        null,
        null,
        null,
        null,
        null,
        null,
        null,
        null,
        null,
        null,
        null,
        null,
        null,
        null,
        null,
        null,
        null,
        null,
        null,
        null,
        null,
        null,
        null,
        null,
        1,
        null,
        null,
        null,
        null,
        null,
        null,
        null,
        null,
        null,
        null,
        null,
        null,
        null,
        null,
        null,
        null,
        null,
        null,
        null,
        null,
        null,
        null,
        null,
        null,
        null,
        null,
        null,
        null,
        null
      ],
      "/home/anthony/prog/ImageHex/config/initializers/filter_parameter_logging.rb": [
        null,
        null,
        null,
        1
      ],
      "/home/anthony/prog/ImageHex/config/initializers/inflections.rb": [
        null,
        null,
        null,
        null,
        null,
        null,
        null,
        null,
        null,
        null,
        null,
        null,
        null,
        null,
        null,
        null
      ],
      "/home/anthony/prog/ImageHex/config/initializers/mime_types.rb": [
        null,
        null,
        null,
        null
      ],
      "/home/anthony/prog/ImageHex/config/initializers/session_store.rb": [
        null,
        null,
        1
      ],
      "/home/anthony/prog/ImageHex/config/initializers/wrap_parameters.rb": [
        null,
        null,
        null,
        null,
        null,
        null,
        1,
        1,
        null,
        null,
        null,
        null,
        null,
        null
      ],
      "/home/anthony/prog/ImageHex/spec/factories/images.rb": [
        1,
        1,
        1,
        2,
        null,
        null,
        null,
        null
      ],
      "/home/anthony/prog/ImageHex/spec/factories/users.rb": [
        1,
        1,
        6,
        6,
        6,
        null,
        null,
        null,
        null
      ],
      "/home/anthony/prog/ImageHex/config/routes.rb": [
        1,
        1,
        null,
        1,
        null,
        1,
        null,
        1,
        null,
        1,
        null,
        1,
        null,
        1,
        null,
        1,
        1,
        null,
        null,
        null,
        null,
        null,
        null,
        null,
        null,
        null,
        null,
        null,
        null,
        null,
        null,
        null,
        null,
        null,
        null,
        null,
        null,
        null,
        null,
        null,
        null,
        null,
        null,
        null,
        null,
        null,
        null,
        null,
        null,
        null,
        null,
        null,
        null,
        null,
        null,
        null,
        null,
        null,
        null,
        null,
        null,
        null,
        null,
        null,
        null,
        null,
        null,
        null,
        null,
        null,
        null,
        null
      ],
      "/home/anthony/prog/ImageHex/app/models/user.rb": [
        1,
        null,
        null,
        1,
        null,
        1,
        1,
        null
      ],
      "/home/anthony/prog/ImageHex/app/helpers/application_helper.rb": [
        1,
        null
      ],
      "/home/anthony/prog/ImageHex/app/helpers/frontpage_helper.rb": [
        1,
        null
      ],
      "/home/anthony/prog/ImageHex/app/helpers/images_helper.rb": [
        1,
        null
      ],
      "/home/anthony/prog/ImageHex/app/controllers/frontpage_controller.rb": [
        1,
        1,
        null,
        null,
        null
      ],
      "/home/anthony/prog/ImageHex/app/controllers/application_controller.rb": [
        1,
        null,
        null,
        1,
        1,
        null,
        1,
        null,
        1,
        0,
        null,
        0,
        0,
        0,
        null,
        0,
        0,
        0,
        null,
        null,
        null,
        null
      ],
      "/home/anthony/prog/ImageHex/spec/controllers/images_controller_spec.rb": [
        1,
        null,
        1,
        1,
        null,
        1,
        null,
        1,
        1,
        1,
        1,
        null,
        1,
        1,
        1,
        null,
        null,
        1,
        1,
        1,
        1,
        null,
        null,
        null,
        null,
        1,
        1,
        1,
        1,
        null,
        null,
        null,
        1,
        1,
        1,
        1,
        null,
        null,
        null,
        1,
        1,
        1,
        1,
        null,
        null,
        null,
        1,
        1,
        1,
        1,
        null,
        null,
        null,
        1,
        1,
        1,
        1,
        null,
        null,
        null,
        1,
        1,
        1,
        1,
        null,
        null,
        null,
        null
      ],
      "/home/anthony/prog/ImageHex/app/controllers/images_controller.rb": [
        1,
        1,
        null,
        null,
        1,
        null,
        null,
        1,
        null,
        null,
        1,
        null,
        null,
        1,
        null,
        null,
        1,
        null,
        null,
        1,
        null,
        null
      ],
      "/home/anthony/prog/ImageHex/spec/factories_spec.rb": [
        null,
        null,
        null,
        null,
        1,
        2,
        2,
        2,
        1,
        1,
        null,
        null,
        null,
        null
      ],
      "/home/anthony/prog/ImageHex/spec/helpers/images_helper_spec.rb": [
        1,
        null,
        null,
        null,
        null,
        null,
        null,
        null,
        null,
        null,
        null,
        null,
        1,
        1,
        null
      ],
      "/home/anthony/prog/ImageHex/spec/models/image_spec.rb": [
        1,
        null,
        null,
        1,
        1,
        null,
        null,
        2,
        2,
        null,
        2,
        2,
        null,
        2,
        null,
        null,
        null,
        null
      ],
      "/home/anthony/prog/ImageHex/app/models/image.rb": [
        1,
        1,
        null,
        null,
        1,
        1,
        1,
        1,
        null
      ],
      "/home/anthony/prog/ImageHex/spec/models/user_spec.rb": [
        1,
        null,
        1,
        1,
        1,
        null,
        null,
        2,
        2,
        null,
        2,
        null,
        null
      ],
      "/home/anthony/prog/ImageHex/spec/views/images/create.html.erb_spec.rb": [
        1,
        null,
        1,
        1,
        null
      ],
      "/home/anthony/prog/ImageHex/spec/views/images/destroy.html.erb_spec.rb": [
        1,
        null,
        1,
        1,
        null
      ],
      "/home/anthony/prog/ImageHex/spec/views/images/edit.html.erb_spec.rb": [
        1,
        null,
        1,
        1,
        null
      ],
      "/home/anthony/prog/ImageHex/spec/views/images/index.html.erb_spec.rb": [
        1,
        null,
        1,
        1,
        null
      ],
      "/home/anthony/prog/ImageHex/spec/views/images/new.html.erb_spec.rb": [
        1,
        null,
        1,
        1,
        null
      ],
      "/home/anthony/prog/ImageHex/spec/views/images/show.html.erb_spec.rb": [
        1,
        null,
        1,
        1,
        null
      ],
      "/home/anthony/prog/ImageHex/spec/views/images/update.html.erb_spec.rb": [
        1,
        null,
        1,
        1,
        null
      ]
    },
    "timestamp": 1416241733
  }
}
